<?xml version="1.0" encoding="UTF-8"?>
<!-- Generated by org.testng.reporters.JUnitReportReporter -->
<testsuite hostname="L5152N13" failures="0" tests="1" name="wiremockit.StubForPost" time="2.411" errors="0" timestamp="2022-10-01T10:03:51 IST" skipped="0">
  <testcase classname="wiremockit.StubForPost" name="validateStatus" time="2.411"/>
  <system-out/>
</testsuite> <!-- wiremockit.StubForPost -->
