<?xml version="1.0" encoding="UTF-8"?>
<!-- Generated by org.testng.reporters.JUnitReportReporter -->
<testsuite hostname="L5152N13" failures="0" tests="1" name="wiremockit.StubForPost" time="1.558" errors="0" timestamp="2022-09-30T21:50:17 IST" skipped="0">
  <testcase classname="wiremockit.StubForPost" name="validateStatus" time="1.558"/>
  <system-out/>
</testsuite> <!-- wiremockit.StubForPost -->
